2025-12-01 00:32:03 | INFO | AUTOOPS_AI | === AUTOOPS AI Session Started: session_20251201_003203 ===
2025-12-01 00:32:03 | INFO | AUTOOPS_AI | Initializing agents...
2025-12-01 00:32:03 | INFO | AUTOOPS_AI | ✓ All agents initialized successfully
2025-12-01 00:32:03 | INFO | AUTOOPS_AI | ======================================================================
2025-12-01 00:32:03 | INFO | AUTOOPS_AI | AUTOOPS AI - Multi-Agent System Starting
2025-12-01 00:32:03 | INFO | AUTOOPS_AI | ======================================================================
2025-12-01 00:32:03 | INFO | AUTOOPS_AI | 
[1/7] Executing Data Intake Agent...
2025-12-01 00:32:03 | INFO | AUTOOPS_AI | 🤖 Agent [DataIntakeAgent] started
2025-12-01 00:32:03 | INFO | AUTOOPS_AI | 💡 Insight [data_quality]: Data quality score: A (100.0% complete)
2025-12-01 00:32:03 | INFO | AUTOOPS_AI | 💡 Insight [data_quality]: Schema validation passed
2025-12-01 00:32:03 | INFO | AUTOOPS_AI | 💡 Insight [data_cleaning]: Sorted data by Date
2025-12-01 00:32:03 | INFO | AUTOOPS_AI | ✅ Agent [DataIntakeAgent] completed (0.01s)
2025-12-01 00:32:03 | INFO | AUTOOPS_AI | ✓ Processed 91 rows of data
2025-12-01 00:32:03 | INFO | AUTOOPS_AI | 
[2/7] Executing Trend Detection Agent...
2025-12-01 00:32:03 | INFO | AUTOOPS_AI | 🤖 Agent [TrendDetectionAgent] started
2025-12-01 00:32:03 | INFO | AUTOOPS_AI | 💡 Insight [trend]: Revenue: upward trend, 274.44% total growth
2025-12-01 00:32:03 | INFO | AUTOOPS_AI | 💡 Insight [trend]: Customers: upward trend, 272.92% total growth
2025-12-01 00:32:03 | INFO | AUTOOPS_AI | 💡 Insight [trend]: Conversion_Rate: upward trend, 137.5% total growth
2025-12-01 00:32:03 | INFO | AUTOOPS_AI | 💡 Insight [trend]: Marketing_Spend: upward trend, 201.25% total growth
2025-12-01 00:32:03 | INFO | AUTOOPS_AI | ✅ Agent [TrendDetectionAgent] completed (0.01s)
2025-12-01 00:32:03 | INFO | AUTOOPS_AI | ✓ Detected 3 key trends
2025-12-01 00:32:03 | INFO | AUTOOPS_AI | 
[3/7] Executing Root Cause Analysis Agent...
2025-12-01 00:32:03 | INFO | AUTOOPS_AI | 🤖 Agent [RootCauseAgent] started
2025-12-01 00:32:03 | INFO | AUTOOPS_AI | 💡 Insight [correlation]: Correlation: Revenue ↔ Customers (r=1.0)
2025-12-01 00:32:03 | INFO | AUTOOPS_AI | 💡 Insight [correlation]: Correlation: Revenue ↔ Marketing_Spend (r=1.0)
2025-12-01 00:32:03 | INFO | AUTOOPS_AI | 💡 Insight [correlation]: Correlation: Customers ↔ Marketing_Spend (r=1.0)
2025-12-01 00:32:03 | INFO | AUTOOPS_AI | 💡 Insight [hypothesis]: The increase in Revenue may be driven by changes in Customers (correlation: 1.00)
2025-12-01 00:32:03 | INFO | AUTOOPS_AI | 💡 Insight [hypothesis]: The increase in Revenue may be driven by changes in Marketing_Spend (correlation: 1.00)
2025-12-01 00:32:03 | INFO | AUTOOPS_AI | 💡 Insight [hypothesis]: The increase in Revenue may be driven by changes in Conversion_Rate (correlation: 1.00)
2025-12-01 00:32:03 | INFO | AUTOOPS_AI | 💡 Insight [hypothesis]: The increase in Customers may be driven by changes in Revenue (correlation: 1.00)
2025-12-01 00:32:03 | INFO | AUTOOPS_AI | 💡 Insight [hypothesis]: The increase in Customers may be driven by changes in Marketing_Spend (correlation: 1.00)
2025-12-01 00:32:03 | INFO | AUTOOPS_AI | 💡 Insight [hypothesis]: The increase in Customers may be driven by changes in Conversion_Rate (correlation: 1.00)
2025-12-01 00:32:03 | INFO | AUTOOPS_AI | 💡 Insight [hypothesis]: The increase in Marketing_Spend may be driven by changes in Revenue (correlation: 1.00)
2025-12-01 00:32:03 | INFO | AUTOOPS_AI | 💡 Insight [hypothesis]: The increase in Marketing_Spend may be driven by changes in Customers (correlation: 1.00)
2025-12-01 00:32:03 | INFO | AUTOOPS_AI | 💡 Insight [channel_performance]: Best performing channel: Email (avg revenue: 102693.33)
2025-12-01 00:32:03 | INFO | AUTOOPS_AI | ✅ Agent [RootCauseAgent] completed (0.00s)
2025-12-01 00:32:03 | INFO | AUTOOPS_AI | ✓ Generated 8 hypotheses
2025-12-01 00:32:03 | INFO | AUTOOPS_AI | 
[4/7] Executing Memory Agent...
2025-12-01 00:32:03 | INFO | AUTOOPS_AI | 🤖 Agent [MemoryAgent] started
2025-12-01 00:33:36 | ERROR | AUTOOPS_AI | ❌ Agent [MemoryAgent] error: 
2025-12-01 00:33:45 | INFO | AUTOOPS_AI | === AUTOOPS AI Session Started: session_20251201_003345 ===
2025-12-01 00:33:45 | INFO | AUTOOPS_AI | Initializing agents...
2025-12-01 00:33:45 | INFO | AUTOOPS_AI | ✓ All agents initialized successfully
2025-12-01 00:33:45 | INFO | AUTOOPS_AI | ======================================================================
2025-12-01 00:33:45 | INFO | AUTOOPS_AI | AUTOOPS AI - Multi-Agent System Starting
2025-12-01 00:33:45 | INFO | AUTOOPS_AI | ======================================================================
2025-12-01 00:33:45 | INFO | AUTOOPS_AI | 
[1/7] Executing Data Intake Agent...
2025-12-01 00:33:45 | INFO | AUTOOPS_AI | 🤖 Agent [DataIntakeAgent] started
2025-12-01 00:33:45 | INFO | AUTOOPS_AI | 💡 Insight [data_quality]: Data quality score: A (100.0% complete)
2025-12-01 00:33:45 | INFO | AUTOOPS_AI | 💡 Insight [data_quality]: Schema validation passed
2025-12-01 00:33:45 | INFO | AUTOOPS_AI | 💡 Insight [data_cleaning]: Sorted data by Date
2025-12-01 00:33:45 | INFO | AUTOOPS_AI | ✅ Agent [DataIntakeAgent] completed (0.01s)
2025-12-01 00:33:45 | INFO | AUTOOPS_AI | ✓ Processed 91 rows of data
2025-12-01 00:33:45 | INFO | AUTOOPS_AI | 
[2/7] Executing Trend Detection Agent...
2025-12-01 00:33:45 | INFO | AUTOOPS_AI | 🤖 Agent [TrendDetectionAgent] started
2025-12-01 00:33:45 | INFO | AUTOOPS_AI | 💡 Insight [trend]: Revenue: upward trend, 274.44% total growth
2025-12-01 00:33:45 | INFO | AUTOOPS_AI | 💡 Insight [trend]: Customers: upward trend, 272.92% total growth
2025-12-01 00:33:45 | INFO | AUTOOPS_AI | 💡 Insight [trend]: Conversion_Rate: upward trend, 137.5% total growth
2025-12-01 00:33:45 | INFO | AUTOOPS_AI | 💡 Insight [trend]: Marketing_Spend: upward trend, 201.25% total growth
2025-12-01 00:33:45 | INFO | AUTOOPS_AI | ✅ Agent [TrendDetectionAgent] completed (0.01s)
2025-12-01 00:33:45 | INFO | AUTOOPS_AI | ✓ Detected 3 key trends
2025-12-01 00:33:45 | INFO | AUTOOPS_AI | 
[3/7] Executing Root Cause Analysis Agent...
2025-12-01 00:33:45 | INFO | AUTOOPS_AI | 🤖 Agent [RootCauseAgent] started
2025-12-01 00:33:45 | INFO | AUTOOPS_AI | 💡 Insight [correlation]: Correlation: Revenue ↔ Customers (r=1.0)
2025-12-01 00:33:45 | INFO | AUTOOPS_AI | 💡 Insight [correlation]: Correlation: Revenue ↔ Marketing_Spend (r=1.0)
2025-12-01 00:33:45 | INFO | AUTOOPS_AI | 💡 Insight [correlation]: Correlation: Customers ↔ Marketing_Spend (r=1.0)
2025-12-01 00:33:45 | INFO | AUTOOPS_AI | 💡 Insight [hypothesis]: The increase in Revenue may be driven by changes in Customers (correlation: 1.00)
2025-12-01 00:33:45 | INFO | AUTOOPS_AI | 💡 Insight [hypothesis]: The increase in Revenue may be driven by changes in Marketing_Spend (correlation: 1.00)
2025-12-01 00:33:45 | INFO | AUTOOPS_AI | 💡 Insight [hypothesis]: The increase in Revenue may be driven by changes in Conversion_Rate (correlation: 1.00)
2025-12-01 00:33:45 | INFO | AUTOOPS_AI | 💡 Insight [hypothesis]: The increase in Customers may be driven by changes in Revenue (correlation: 1.00)
2025-12-01 00:33:45 | INFO | AUTOOPS_AI | 💡 Insight [hypothesis]: The increase in Customers may be driven by changes in Marketing_Spend (correlation: 1.00)
2025-12-01 00:33:45 | INFO | AUTOOPS_AI | 💡 Insight [hypothesis]: The increase in Customers may be driven by changes in Conversion_Rate (correlation: 1.00)
2025-12-01 00:33:45 | INFO | AUTOOPS_AI | 💡 Insight [hypothesis]: The increase in Marketing_Spend may be driven by changes in Revenue (correlation: 1.00)
2025-12-01 00:33:45 | INFO | AUTOOPS_AI | 💡 Insight [hypothesis]: The increase in Marketing_Spend may be driven by changes in Customers (correlation: 1.00)
2025-12-01 00:33:45 | INFO | AUTOOPS_AI | 💡 Insight [channel_performance]: Best performing channel: Email (avg revenue: 102693.33)
2025-12-01 00:33:45 | INFO | AUTOOPS_AI | ✅ Agent [RootCauseAgent] completed (0.00s)
2025-12-01 00:33:45 | INFO | AUTOOPS_AI | ✓ Generated 8 hypotheses
2025-12-01 00:33:45 | INFO | AUTOOPS_AI | 
[4/7] Executing Memory Agent...
2025-12-01 00:33:45 | INFO | AUTOOPS_AI | 🤖 Agent [MemoryAgent] started
2025-12-01 00:34:37 | INFO | AUTOOPS_AI | === AUTOOPS AI Session Started: session_20251201_003437 ===
2025-12-01 00:34:37 | INFO | AUTOOPS_AI | Initializing agents...
2025-12-01 00:34:37 | INFO | AUTOOPS_AI | ✓ All agents initialized successfully
2025-12-01 00:34:37 | INFO | AUTOOPS_AI | ======================================================================
2025-12-01 00:34:37 | INFO | AUTOOPS_AI | AUTOOPS AI - Multi-Agent System Starting
2025-12-01 00:34:37 | INFO | AUTOOPS_AI | ======================================================================
2025-12-01 00:34:37 | INFO | AUTOOPS_AI | 
[1/7] Executing Data Intake Agent...
2025-12-01 00:34:37 | INFO | AUTOOPS_AI | 🤖 Agent [DataIntakeAgent] started
2025-12-01 00:34:37 | INFO | AUTOOPS_AI | 💡 Insight [data_quality]: Data quality score: A (100.0% complete)
2025-12-01 00:34:37 | INFO | AUTOOPS_AI | 💡 Insight [data_quality]: Schema validation passed
2025-12-01 00:34:37 | INFO | AUTOOPS_AI | 💡 Insight [data_cleaning]: Sorted data by Date
2025-12-01 00:34:37 | INFO | AUTOOPS_AI | ✅ Agent [DataIntakeAgent] completed (0.01s)
2025-12-01 00:34:37 | INFO | AUTOOPS_AI | ✓ Processed 91 rows of data
2025-12-01 00:34:37 | INFO | AUTOOPS_AI | 
[2/7] Executing Trend Detection Agent...
2025-12-01 00:34:37 | INFO | AUTOOPS_AI | 🤖 Agent [TrendDetectionAgent] started
2025-12-01 00:34:37 | INFO | AUTOOPS_AI | 💡 Insight [trend]: Revenue: upward trend, 274.44% total growth
2025-12-01 00:34:37 | INFO | AUTOOPS_AI | 💡 Insight [trend]: Customers: upward trend, 272.92% total growth
2025-12-01 00:34:37 | INFO | AUTOOPS_AI | 💡 Insight [trend]: Conversion_Rate: upward trend, 137.5% total growth
2025-12-01 00:34:37 | INFO | AUTOOPS_AI | 💡 Insight [trend]: Marketing_Spend: upward trend, 201.25% total growth
2025-12-01 00:34:37 | INFO | AUTOOPS_AI | ✅ Agent [TrendDetectionAgent] completed (0.01s)
2025-12-01 00:34:37 | INFO | AUTOOPS_AI | ✓ Detected 3 key trends
2025-12-01 00:34:37 | INFO | AUTOOPS_AI | 
[3/7] Executing Root Cause Analysis Agent...
2025-12-01 00:34:37 | INFO | AUTOOPS_AI | 🤖 Agent [RootCauseAgent] started
2025-12-01 00:34:37 | INFO | AUTOOPS_AI | 💡 Insight [correlation]: Correlation: Revenue ↔ Customers (r=1.0)
2025-12-01 00:34:37 | INFO | AUTOOPS_AI | 💡 Insight [correlation]: Correlation: Revenue ↔ Marketing_Spend (r=1.0)
2025-12-01 00:34:37 | INFO | AUTOOPS_AI | 💡 Insight [correlation]: Correlation: Customers ↔ Marketing_Spend (r=1.0)
2025-12-01 00:34:37 | INFO | AUTOOPS_AI | 💡 Insight [hypothesis]: The increase in Revenue may be driven by changes in Customers (correlation: 1.00)
2025-12-01 00:34:37 | INFO | AUTOOPS_AI | 💡 Insight [hypothesis]: The increase in Revenue may be driven by changes in Marketing_Spend (correlation: 1.00)
2025-12-01 00:34:37 | INFO | AUTOOPS_AI | 💡 Insight [hypothesis]: The increase in Revenue may be driven by changes in Conversion_Rate (correlation: 1.00)
2025-12-01 00:34:37 | INFO | AUTOOPS_AI | 💡 Insight [hypothesis]: The increase in Customers may be driven by changes in Revenue (correlation: 1.00)
2025-12-01 00:34:37 | INFO | AUTOOPS_AI | 💡 Insight [hypothesis]: The increase in Customers may be driven by changes in Marketing_Spend (correlation: 1.00)
2025-12-01 00:34:37 | INFO | AUTOOPS_AI | 💡 Insight [hypothesis]: The increase in Customers may be driven by changes in Conversion_Rate (correlation: 1.00)
2025-12-01 00:34:37 | INFO | AUTOOPS_AI | 💡 Insight [hypothesis]: The increase in Marketing_Spend may be driven by changes in Revenue (correlation: 1.00)
2025-12-01 00:34:37 | INFO | AUTOOPS_AI | 💡 Insight [hypothesis]: The increase in Marketing_Spend may be driven by changes in Customers (correlation: 1.00)
2025-12-01 00:34:37 | INFO | AUTOOPS_AI | 💡 Insight [channel_performance]: Best performing channel: Email (avg revenue: 102693.33)
2025-12-01 00:34:37 | INFO | AUTOOPS_AI | ✅ Agent [RootCauseAgent] completed (0.00s)
2025-12-01 00:34:37 | INFO | AUTOOPS_AI | ✓ Generated 8 hypotheses
2025-12-01 00:34:37 | INFO | AUTOOPS_AI | 
[4/7] Executing Memory Agent...
2025-12-01 00:34:37 | INFO | AUTOOPS_AI | 🤖 Agent [MemoryAgent] started
2025-12-01 00:35:54 | ERROR | AUTOOPS_AI | ❌ Agent [MemoryAgent] error: 
2025-12-01 00:36:44 | INFO | AUTOOPS_AI | === AUTOOPS AI Session Started: session_20251201_003644 ===
2025-12-01 00:36:44 | INFO | AUTOOPS_AI | Initializing agents...
2025-12-01 00:36:44 | INFO | AUTOOPS_AI | ✓ All agents initialized successfully
2025-12-01 00:36:44 | INFO | AUTOOPS_AI | ======================================================================
2025-12-01 00:36:44 | INFO | AUTOOPS_AI | AUTOOPS AI - Multi-Agent System Starting
2025-12-01 00:36:44 | INFO | AUTOOPS_AI | ======================================================================
2025-12-01 00:36:44 | INFO | AUTOOPS_AI | 
[1/7] Executing Data Intake Agent...
2025-12-01 00:36:44 | INFO | AUTOOPS_AI | 🤖 Agent [DataIntakeAgent] started
2025-12-01 00:36:44 | INFO | AUTOOPS_AI | 💡 Insight [data_quality]: Data quality score: A (100.0% complete)
2025-12-01 00:36:44 | INFO | AUTOOPS_AI | 💡 Insight [data_quality]: Schema validation passed
2025-12-01 00:36:44 | INFO | AUTOOPS_AI | 💡 Insight [data_cleaning]: Sorted data by Date
2025-12-01 00:36:44 | INFO | AUTOOPS_AI | ✅ Agent [DataIntakeAgent] completed (0.01s)
2025-12-01 00:36:44 | INFO | AUTOOPS_AI | ✓ Processed 91 rows of data
2025-12-01 00:36:44 | INFO | AUTOOPS_AI | 
[2/7] Executing Trend Detection Agent...
2025-12-01 00:36:44 | INFO | AUTOOPS_AI | 🤖 Agent [TrendDetectionAgent] started
2025-12-01 00:36:44 | INFO | AUTOOPS_AI | 💡 Insight [trend]: Revenue: upward trend, 274.44% total growth
2025-12-01 00:36:44 | INFO | AUTOOPS_AI | 💡 Insight [trend]: Customers: upward trend, 272.92% total growth
2025-12-01 00:36:44 | INFO | AUTOOPS_AI | 💡 Insight [trend]: Conversion_Rate: upward trend, 137.5% total growth
2025-12-01 00:36:44 | INFO | AUTOOPS_AI | 💡 Insight [trend]: Marketing_Spend: upward trend, 201.25% total growth
2025-12-01 00:36:44 | INFO | AUTOOPS_AI | ✅ Agent [TrendDetectionAgent] completed (0.01s)
2025-12-01 00:36:44 | INFO | AUTOOPS_AI | ✓ Detected 3 key trends
2025-12-01 00:36:44 | INFO | AUTOOPS_AI | 
[3/7] Executing Root Cause Analysis Agent...
2025-12-01 00:36:44 | INFO | AUTOOPS_AI | 🤖 Agent [RootCauseAgent] started
2025-12-01 00:36:44 | INFO | AUTOOPS_AI | 💡 Insight [correlation]: Correlation: Revenue ↔ Customers (r=1.0)
2025-12-01 00:36:44 | INFO | AUTOOPS_AI | 💡 Insight [correlation]: Correlation: Revenue ↔ Marketing_Spend (r=1.0)
2025-12-01 00:36:44 | INFO | AUTOOPS_AI | 💡 Insight [correlation]: Correlation: Customers ↔ Marketing_Spend (r=1.0)
2025-12-01 00:36:44 | INFO | AUTOOPS_AI | 💡 Insight [hypothesis]: The increase in Revenue may be driven by changes in Customers (correlation: 1.00)
2025-12-01 00:36:44 | INFO | AUTOOPS_AI | 💡 Insight [hypothesis]: The increase in Revenue may be driven by changes in Marketing_Spend (correlation: 1.00)
2025-12-01 00:36:44 | INFO | AUTOOPS_AI | 💡 Insight [hypothesis]: The increase in Revenue may be driven by changes in Conversion_Rate (correlation: 1.00)
2025-12-01 00:36:44 | INFO | AUTOOPS_AI | 💡 Insight [hypothesis]: The increase in Customers may be driven by changes in Revenue (correlation: 1.00)
2025-12-01 00:36:44 | INFO | AUTOOPS_AI | 💡 Insight [hypothesis]: The increase in Customers may be driven by changes in Marketing_Spend (correlation: 1.00)
2025-12-01 00:36:44 | INFO | AUTOOPS_AI | 💡 Insight [hypothesis]: The increase in Customers may be driven by changes in Conversion_Rate (correlation: 1.00)
2025-12-01 00:36:44 | INFO | AUTOOPS_AI | 💡 Insight [hypothesis]: The increase in Marketing_Spend may be driven by changes in Revenue (correlation: 1.00)
2025-12-01 00:36:44 | INFO | AUTOOPS_AI | 💡 Insight [hypothesis]: The increase in Marketing_Spend may be driven by changes in Customers (correlation: 1.00)
2025-12-01 00:36:44 | INFO | AUTOOPS_AI | 💡 Insight [channel_performance]: Best performing channel: Email (avg revenue: 102693.33)
2025-12-01 00:36:44 | INFO | AUTOOPS_AI | ✅ Agent [RootCauseAgent] completed (0.00s)
2025-12-01 00:36:44 | INFO | AUTOOPS_AI | ✓ Generated 8 hypotheses
2025-12-01 00:36:44 | INFO | AUTOOPS_AI | 
[4/7] Executing Memory Agent...
2025-12-01 00:36:44 | INFO | AUTOOPS_AI | 🤖 Agent [MemoryAgent] started
2025-12-01 00:39:28 | ERROR | AUTOOPS_AI | ❌ Agent [MemoryAgent] error: 
2025-12-01 00:39:29 | INFO | AUTOOPS_AI | === AUTOOPS AI Session Started: session_20251201_003929 ===
2025-12-01 00:39:29 | INFO | AUTOOPS_AI | Initializing agents...
2025-12-01 00:39:29 | INFO | AUTOOPS_AI | ✓ All agents initialized successfully
2025-12-01 00:39:29 | INFO | AUTOOPS_AI | ======================================================================
2025-12-01 00:39:29 | INFO | AUTOOPS_AI | AUTOOPS AI - Multi-Agent System Starting
2025-12-01 00:39:29 | INFO | AUTOOPS_AI | ======================================================================
2025-12-01 00:39:29 | INFO | AUTOOPS_AI | 
[1/7] Executing Data Intake Agent...
2025-12-01 00:39:29 | INFO | AUTOOPS_AI | 🤖 Agent [DataIntakeAgent] started
2025-12-01 00:39:29 | INFO | AUTOOPS_AI | 💡 Insight [data_quality]: Data quality score: A (100.0% complete)
2025-12-01 00:39:29 | INFO | AUTOOPS_AI | 💡 Insight [data_quality]: Schema validation passed
2025-12-01 00:39:29 | INFO | AUTOOPS_AI | 💡 Insight [data_cleaning]: Sorted data by Date
2025-12-01 00:39:29 | INFO | AUTOOPS_AI | ✅ Agent [DataIntakeAgent] completed (0.01s)
2025-12-01 00:39:29 | INFO | AUTOOPS_AI | ✓ Processed 14 rows of data
2025-12-01 00:39:29 | INFO | AUTOOPS_AI | 
[2/7] Executing Trend Detection Agent...
2025-12-01 00:39:29 | INFO | AUTOOPS_AI | 🤖 Agent [TrendDetectionAgent] started
2025-12-01 00:39:29 | INFO | AUTOOPS_AI | 💡 Insight [trend]: Revenue: upward trend, 21.11% total growth
2025-12-01 00:39:29 | INFO | AUTOOPS_AI | 💡 Insight [trend]: Customers: upward trend, 20.0% total growth
2025-12-01 00:39:29 | INFO | AUTOOPS_AI | 💡 Insight [trend]: Conversion_Rate: upward trend, 17.19% total growth
2025-12-01 00:39:29 | INFO | AUTOOPS_AI | 💡 Insight [trend]: Marketing_Spend: upward trend, 12.5% total growth
2025-12-01 00:39:29 | INFO | AUTOOPS_AI | ✅ Agent [TrendDetectionAgent] completed (0.01s)
2025-12-01 00:39:29 | INFO | AUTOOPS_AI | ✓ Detected 3 key trends
2025-12-01 00:39:29 | INFO | AUTOOPS_AI | 
[3/7] Executing Root Cause Analysis Agent...
2025-12-01 00:39:29 | INFO | AUTOOPS_AI | 🤖 Agent [RootCauseAgent] started
2025-12-01 00:39:29 | INFO | AUTOOPS_AI | 💡 Insight [correlation]: Correlation: Revenue ↔ Customers (r=0.997)
2025-12-01 00:39:29 | INFO | AUTOOPS_AI | 💡 Insight [correlation]: Correlation: Customers ↔ Conversion_Rate (r=0.995)
2025-12-01 00:39:29 | INFO | AUTOOPS_AI | 💡 Insight [correlation]: Correlation: Revenue ↔ Conversion_Rate (r=0.989)
2025-12-01 00:39:29 | INFO | AUTOOPS_AI | 💡 Insight [hypothesis]: The increase in Revenue may be driven by changes in Customers (correlation: 1.00)
2025-12-01 00:39:29 | INFO | AUTOOPS_AI | 💡 Insight [hypothesis]: The increase in Revenue may be driven by changes in Conversion_Rate (correlation: 0.99)
2025-12-01 00:39:29 | INFO | AUTOOPS_AI | 💡 Insight [hypothesis]: The increase in Revenue may be driven by changes in Marketing_Spend (correlation: 0.98)
2025-12-01 00:39:29 | INFO | AUTOOPS_AI | 💡 Insight [hypothesis]: The increase in Customers may be driven by changes in Revenue (correlation: 1.00)
2025-12-01 00:39:29 | INFO | AUTOOPS_AI | 💡 Insight [hypothesis]: The increase in Customers may be driven by changes in Conversion_Rate (correlation: 0.99)
2025-12-01 00:39:29 | INFO | AUTOOPS_AI | 💡 Insight [hypothesis]: The increase in Customers may be driven by changes in Marketing_Spend (correlation: 0.99)
2025-12-01 00:39:29 | INFO | AUTOOPS_AI | 💡 Insight [hypothesis]: The increase in Conversion_Rate may be driven by changes in Customers (correlation: 0.99)
2025-12-01 00:39:29 | INFO | AUTOOPS_AI | 💡 Insight [hypothesis]: The increase in Conversion_Rate may be driven by changes in Revenue (correlation: 0.99)
2025-12-01 00:39:29 | INFO | AUTOOPS_AI | 💡 Insight [channel_performance]: Best performing channel: Organic (avg revenue: 50460.00)
2025-12-01 00:39:29 | INFO | AUTOOPS_AI | ✅ Agent [RootCauseAgent] completed (0.00s)
2025-12-01 00:39:29 | INFO | AUTOOPS_AI | ✓ Generated 8 hypotheses
2025-12-01 00:39:29 | INFO | AUTOOPS_AI | 
[4/7] Executing Memory Agent...
2025-12-01 00:39:29 | INFO | AUTOOPS_AI | 🤖 Agent [MemoryAgent] started
2025-12-01 00:40:33 | ERROR | AUTOOPS_AI | ❌ Agent [MemoryAgent] error: 
2025-12-01 00:41:19 | INFO | AUTOOPS_AI | === AUTOOPS AI Session Started: session_20251201_004119 ===
2025-12-01 00:41:19 | INFO | AUTOOPS_AI | Initializing agents...
2025-12-01 00:41:19 | INFO | AUTOOPS_AI | ✓ All agents initialized successfully
2025-12-01 00:41:19 | INFO | AUTOOPS_AI | ======================================================================
2025-12-01 00:41:19 | INFO | AUTOOPS_AI | AUTOOPS AI - Multi-Agent System Starting
2025-12-01 00:41:19 | INFO | AUTOOPS_AI | ======================================================================
2025-12-01 00:41:19 | INFO | AUTOOPS_AI | 
[1/7] Executing Data Intake Agent...
2025-12-01 00:41:19 | INFO | AUTOOPS_AI | 🤖 Agent [DataIntakeAgent] started
2025-12-01 00:41:19 | INFO | AUTOOPS_AI | 💡 Insight [data_quality]: Data quality score: A (100.0% complete)
2025-12-01 00:41:19 | INFO | AUTOOPS_AI | 💡 Insight [data_quality]: Schema validation passed
2025-12-01 00:41:19 | INFO | AUTOOPS_AI | 💡 Insight [data_cleaning]: Sorted data by Date
2025-12-01 00:41:19 | INFO | AUTOOPS_AI | ✅ Agent [DataIntakeAgent] completed (0.01s)
2025-12-01 00:41:19 | INFO | AUTOOPS_AI | ✓ Processed 91 rows of data
2025-12-01 00:41:19 | INFO | AUTOOPS_AI | 
[2/7] Executing Trend Detection Agent...
2025-12-01 00:41:19 | INFO | AUTOOPS_AI | 🤖 Agent [TrendDetectionAgent] started
2025-12-01 00:41:19 | INFO | AUTOOPS_AI | 💡 Insight [trend]: Revenue: upward trend, 274.44% total growth
2025-12-01 00:41:19 | INFO | AUTOOPS_AI | 💡 Insight [trend]: Customers: upward trend, 272.92% total growth
2025-12-01 00:41:19 | INFO | AUTOOPS_AI | 💡 Insight [trend]: Conversion_Rate: upward trend, 137.5% total growth
2025-12-01 00:41:19 | INFO | AUTOOPS_AI | 💡 Insight [trend]: Marketing_Spend: upward trend, 201.25% total growth
2025-12-01 00:41:19 | INFO | AUTOOPS_AI | ✅ Agent [TrendDetectionAgent] completed (0.00s)
2025-12-01 00:41:19 | INFO | AUTOOPS_AI | ✓ Detected 3 key trends
2025-12-01 00:41:19 | INFO | AUTOOPS_AI | 
[3/7] Executing Root Cause Analysis Agent...
2025-12-01 00:41:19 | INFO | AUTOOPS_AI | 🤖 Agent [RootCauseAgent] started
2025-12-01 00:41:19 | INFO | AUTOOPS_AI | 💡 Insight [correlation]: Correlation: Revenue ↔ Customers (r=1.0)
2025-12-01 00:41:19 | INFO | AUTOOPS_AI | 💡 Insight [correlation]: Correlation: Revenue ↔ Marketing_Spend (r=1.0)
2025-12-01 00:41:19 | INFO | AUTOOPS_AI | 💡 Insight [correlation]: Correlation: Customers ↔ Marketing_Spend (r=1.0)
2025-12-01 00:41:19 | INFO | AUTOOPS_AI | 💡 Insight [hypothesis]: The increase in Revenue may be driven by changes in Customers (correlation: 1.00)
2025-12-01 00:41:19 | INFO | AUTOOPS_AI | 💡 Insight [hypothesis]: The increase in Revenue may be driven by changes in Marketing_Spend (correlation: 1.00)
2025-12-01 00:41:19 | INFO | AUTOOPS_AI | 💡 Insight [hypothesis]: The increase in Revenue may be driven by changes in Conversion_Rate (correlation: 1.00)
2025-12-01 00:41:19 | INFO | AUTOOPS_AI | 💡 Insight [hypothesis]: The increase in Customers may be driven by changes in Revenue (correlation: 1.00)
2025-12-01 00:41:19 | INFO | AUTOOPS_AI | 💡 Insight [hypothesis]: The increase in Customers may be driven by changes in Marketing_Spend (correlation: 1.00)
2025-12-01 00:41:19 | INFO | AUTOOPS_AI | 💡 Insight [hypothesis]: The increase in Customers may be driven by changes in Conversion_Rate (correlation: 1.00)
2025-12-01 00:41:19 | INFO | AUTOOPS_AI | 💡 Insight [hypothesis]: The increase in Marketing_Spend may be driven by changes in Revenue (correlation: 1.00)
2025-12-01 00:41:19 | INFO | AUTOOPS_AI | 💡 Insight [hypothesis]: The increase in Marketing_Spend may be driven by changes in Customers (correlation: 1.00)
2025-12-01 00:41:19 | INFO | AUTOOPS_AI | 💡 Insight [channel_performance]: Best performing channel: Email (avg revenue: 102693.33)
2025-12-01 00:41:19 | INFO | AUTOOPS_AI | ✅ Agent [RootCauseAgent] completed (0.00s)
2025-12-01 00:41:19 | INFO | AUTOOPS_AI | ✓ Generated 8 hypotheses
2025-12-01 00:41:19 | INFO | AUTOOPS_AI | 
[4/7] Executing Memory Agent...
2025-12-01 00:41:19 | INFO | AUTOOPS_AI | 🤖 Agent [MemoryAgent] started
2025-12-01 00:41:19 | INFO | AUTOOPS_AI | 💡 Insight [memory]: Session stored: session_1_20251201_004119
2025-12-01 00:41:19 | INFO | AUTOOPS_AI | ✅ Agent [MemoryAgent] completed (0.01s)
2025-12-01 00:41:19 | INFO | AUTOOPS_AI | ✓ Session stored: session_1_20251201_004119
2025-12-01 00:41:19 | INFO | AUTOOPS_AI | 
[5/7] Executing Strategy Agent...
2025-12-01 00:41:19 | INFO | AUTOOPS_AI | 🤖 Agent [StrategyAgent] started
2025-12-01 00:41:19 | INFO | AUTOOPS_AI | 💡 Insight [strategy]: Recommendation 1: Capitalize on 274.4% revenue growth by scaling successful channels and increasing marketing investment
2025-12-01 00:41:19 | INFO | AUTOOPS_AI | 💡 Insight [strategy]: Recommendation 2: Focus on customer retention to maintain 272.9% customer growth momentum
2025-12-01 00:41:19 | INFO | AUTOOPS_AI | 💡 Insight [strategy]: Recommendation 3: Evaluate marketing ROI given 201.2% spend increase - ensure efficiency
2025-12-01 00:41:19 | INFO | AUTOOPS_AI | ✅ Agent [StrategyAgent] completed (0.00s)
2025-12-01 00:41:19 | INFO | AUTOOPS_AI | ✓ Generated 6 recommendations
2025-12-01 00:41:19 | INFO | AUTOOPS_AI | 
[6/7] Executing Executive Reporting Agent...
2025-12-01 00:41:19 | INFO | AUTOOPS_AI | 🤖 Agent [ReportingAgent] started
2025-12-01 00:41:19 | INFO | AUTOOPS_AI | 💡 Insight [reporting]: Executive report generated
2025-12-01 00:41:19 | INFO | AUTOOPS_AI | ✅ Agent [ReportingAgent] completed (0.00s)
2025-12-01 00:41:19 | INFO | AUTOOPS_AI | ✓ Report saved to: output/executive_report.md
2025-12-01 00:41:19 | INFO | AUTOOPS_AI | 
[7/7] Executing Evaluation Agent...
2025-12-01 00:41:19 | INFO | AUTOOPS_AI | 🤖 Agent [EvaluationAgent] started
2025-12-01 00:41:19 | INFO | AUTOOPS_AI | 💡 Insight [evaluation]: Overall Quality Score: 9.7/10
2025-12-01 00:41:19 | INFO | AUTOOPS_AI | 💡 Insight [evaluation]: Confidence Score: 10.0/10
2025-12-01 00:41:19 | INFO | AUTOOPS_AI | ✅ Agent [EvaluationAgent] completed (0.00s)
2025-12-01 00:41:19 | INFO | AUTOOPS_AI | ✓ Overall Quality Score: 9.7/10
2025-12-01 00:41:19 | INFO | AUTOOPS_AI | ✓ Confidence Score: 10.0/10
2025-12-01 00:41:19 | INFO | AUTOOPS_AI | ============================================================
2025-12-01 00:41:19 | INFO | AUTOOPS_AI | SESSION SUMMARY
2025-12-01 00:41:19 | INFO | AUTOOPS_AI | ============================================================
2025-12-01 00:41:19 | INFO | AUTOOPS_AI | Session ID: session_20251201_004119
2025-12-01 00:41:19 | INFO | AUTOOPS_AI | Total Traces: 14
2025-12-01 00:41:19 | INFO | AUTOOPS_AI | Agents Executed: 7
2025-12-01 00:41:19 | INFO | AUTOOPS_AI |   - DataIntakeAgent: 1 executions, 0 errors, 0.01s avg duration
2025-12-01 00:41:19 | INFO | AUTOOPS_AI |   - TrendDetectionAgent: 1 executions, 0 errors, 0.0s avg duration
2025-12-01 00:41:19 | INFO | AUTOOPS_AI |   - RootCauseAgent: 1 executions, 0 errors, 0.0s avg duration
2025-12-01 00:41:19 | INFO | AUTOOPS_AI |   - MemoryAgent: 1 executions, 0 errors, 0.01s avg duration
2025-12-01 00:41:19 | INFO | AUTOOPS_AI |   - StrategyAgent: 1 executions, 0 errors, 0.0s avg duration
2025-12-01 00:41:19 | INFO | AUTOOPS_AI |   - ReportingAgent: 1 executions, 0 errors, 0.0s avg duration
2025-12-01 00:41:19 | INFO | AUTOOPS_AI |   - EvaluationAgent: 1 executions, 0 errors, 0.0s avg duration
2025-12-01 00:41:19 | INFO | AUTOOPS_AI | ============================================================
2025-12-01 00:41:19 | INFO | AUTOOPS_AI | 📝 Session trace saved to: output/executive_report_trace.json
2025-12-01 00:41:19 | INFO | AUTOOPS_AI | 
======================================================================
2025-12-01 00:41:19 | INFO | AUTOOPS_AI | AUTOOPS AI - Execution Completed Successfully
2025-12-01 00:41:19 | INFO | AUTOOPS_AI | ======================================================================
